# JRE version: 7.0_05-b06
# Java VM: Java HotSpot(TM) 64-Bit Server VM (23.1-b03 mixed mode bsd-amd64 compressed oops)
Heap
 PSYoungGen      total 315840K, used 311456K [0x00000007e6b60000, 0x00000007fa500000, 0x0000000800000000)
  eden space 311104K, 100% used [0x00000007e6b60000,0x00000007f9b30000,0x00000007f9b30000)
  from space 4736K, 7% used [0x00000007fa000000,0x00000007fa058000,0x00000007fa4a0000)
  to   space 4928K, 0% used [0x00000007f9b30000,0x00000007f9b30000,0x00000007fa000000)
 ParOldGen       total 51776K, used 3574K [0x00000007b4200000, 0x00000007b7490000, 0x00000007e6b60000)
  object space 51776K, 6% used [0x00000007b4200000,0x00000007b457d8a8,0x00000007b7490000)
 PSPermGen       total 25664K, used 25553K [0x00000007af000000, 0x00000007b0910000, 0x00000007b4200000)
  object space 25664K, 99% used [0x00000007af000000,0x00000007b08f47e0,0x00000007b0910000)
GC Heap History (10 events):
Event: 2.697 GC heap after
Heap after GC invocations=4 (full 0):
 PSYoungGen      total 81024K, used 2304K [0x00000007e6b60000, 0x00000007ebda0000, 0x0000000800000000)
  eden space 77824K, 0% used [0x00000007e6b60000,0x00000007e6b60000,0x00000007eb760000)
  from space 3200K, 72% used [0x00000007eba80000,0x00000007ebcc0020,0x00000007ebda0000)
  to   space 3200K, 0% used [0x00000007eb760000,0x00000007eb760000,0x00000007eba80000)
 ParOldGen       total 51776K, used 1351K [0x00000007b4200000, 0x00000007b7490000, 0x00000007e6b60000)
  object space 51776K, 2% used [0x00000007b4200000,0x00000007b4351e80,0x00000007b7490000)
 PSPermGen       total 21248K, used 12259K [0x00000007af000000, 0x00000007b04c0000, 0x00000007b4200000)
  object space 21248K, 57% used [0x00000007af000000,0x00000007afbf8f78,0x00000007b04c0000)
}
Event: 3.232 GC heap before
{Heap before GC invocations=5 (full 0):
 PSYoungGen      total 81024K, used 80128K [0x00000007e6b60000, 0x00000007ebda0000, 0x0000000800000000)
  eden space 77824K, 100% used [0x00000007e6b60000,0x00000007eb760000,0x00000007eb760000)
  from space 3200K, 72% used [0x00000007eba80000,0x00000007ebcc0020,0x00000007ebda0000)
  to   space 3200K, 0% used [0x00000007eb760000,0x00000007eb760000,0x00000007eba80000)
 ParOldGen       total 51776K, used 1351K [0x00000007b4200000, 0x00000007b7490000, 0x00000007e6b60000)
  object space 51776K, 2% used [0x00000007b4200000,0x00000007b4351e80,0x00000007b7490000)
 PSPermGen       total 21248K, used 12281K [0x00000007af000000, 0x00000007b04c0000, 0x00000007b4200000)
  object space 21248K, 57% used [0x00000007af000000,0x00000007afbfe498,0x00000007b04c0000)
Event: 3.238 GC heap after
Heap after GC invocations=5 (full 0):
 PSYoungGen      total 81024K, used 2320K [0x00000007e6b60000, 0x00000007f0c60000, 0x0000000800000000)
  eden space 77824K, 0% used [0x00000007e6b60000,0x00000007e6b60000,0x00000007eb760000)
  from space 3200K, 72% used [0x00000007eb760000,0x00000007eb9a4030,0x00000007eba80000)
  to   space 4608K, 0% used [0x00000007f07e0000,0x00000007f07e0000,0x00000007f0c60000)
 ParOldGen       total 51776K, used 1359K [0x00000007b4200000, 0x00000007b7490000, 0x00000007e6b60000)
  object space 51776K, 2% used [0x00000007b4200000,0x00000007b4353e80,0x00000007b7490000)
 PSPermGen       total 21248K, used 12281K [0x00000007af000000, 0x00000007b04c0000, 0x00000007b4200000)
  object space 21248K, 57% used [0x00000007af000000,0x00000007afbfe498,0x00000007b04c0000)
}
Event: 3.553 GC heap before
{Heap before GC invocations=6 (full 0):
 PSYoungGen      total 81024K, used 80144K [0x00000007e6b60000, 0x00000007f0c60000, 0x0000000800000000)
  eden space 77824K, 100% used [0x00000007e6b60000,0x00000007eb760000,0x00000007eb760000)
  from space 3200K, 72% used [0x00000007eb760000,0x00000007eb9a4030,0x00000007eba80000)
  to   space 4608K, 0% used [0x00000007f07e0000,0x00000007f07e0000,0x00000007f0c60000)
 ParOldGen       total 51776K, used 1359K [0x00000007b4200000, 0x00000007b7490000, 0x00000007e6b60000)
  object space 51776K, 2% used [0x00000007b4200000,0x00000007b4353e80,0x00000007b7490000)
 PSPermGen       total 21248K, used 12284K [0x00000007af000000, 0x00000007b04c0000, 0x00000007b4200000)
  object space 21248K, 57% used [0x00000007af000000,0x00000007afbff028,0x00000007b04c0000)
Event: 3.560 GC heap after
Heap after GC invocations=6 (full 0):
 PSYoungGen      total 160128K, used 2304K [0x00000007e6b60000, 0x00000007f0c40000, 0x0000000800000000)
  eden space 155648K, 0% used [0x00000007e6b60000,0x00000007e6b60000,0x00000007f0360000)
  from space 4480K, 51% used [0x00000007f07e0000,0x00000007f0a20020,0x00000007f0c40000)
  to   space 4544K, 0% used [0x00000007f0360000,0x00000007f0360000,0x00000007f07d0000)
 ParOldGen       total 51776K, used 1367K [0x00000007b4200000, 0x00000007b7490000, 0x00000007e6b60000)
  object space 51776K, 2% used [0x00000007b4200000,0x00000007b4355e80,0x00000007b7490000)
 PSPermGen       total 21248K, used 12284K [0x00000007af000000, 0x00000007b04c0000, 0x00000007b4200000)
  object space 21248K, 57% used [0x00000007af000000,0x00000007afbff028,0x00000007b04c0000)
}
Event: 4.192 GC heap before
{Heap before GC invocations=7 (full 0):
 PSYoungGen      total 160128K, used 157952K [0x00000007e6b60000, 0x00000007f0c40000, 0x0000000800000000)
  eden space 155648K, 100% used [0x00000007e6b60000,0x00000007f0360000,0x00000007f0360000)
  from space 4480K, 51% used [0x00000007f07e0000,0x00000007f0a20020,0x00000007f0c40000)
  to   space 4544K, 0% used [0x00000007f0360000,0x00000007f0360000,0x00000007f07d0000)
 ParOldGen       total 51776K, used 1367K [0x00000007b4200000, 0x00000007b7490000, 0x00000007e6b60000)
  object space 51776K, 2% used [0x00000007b4200000,0x00000007b4355e80,0x00000007b7490000)
 PSPermGen       total 21248K, used 13385K [0x00000007af000000, 0x00000007b04c0000, 0x00000007b4200000)
  object space 21248K, 62% used [0x00000007af000000,0x00000007afd12490,0x00000007b04c0000)
Event: 4.199 GC heap after
Heap after GC invocations=7 (full 0):
 PSYoungGen      total 160192K, used 1056K [0x00000007e6b60000, 0x00000007fa4a0000, 0x0000000800000000)
  eden space 155648K, 0% used [0x00000007e6b60000,0x00000007e6b60000,0x00000007f0360000)
  from space 4544K, 23% used [0x00000007f0360000,0x00000007f0468000,0x00000007f07d0000)
  to   space 4736K, 0% used [0x00000007fa000000,0x00000007fa000000,0x00000007fa4a0000)
 ParOldGen       total 51776K, used 2818K [0x00000007b4200000, 0x00000007b7490000, 0x00000007e6b60000)
  object space 51776K, 5% used [0x00000007b4200000,0x00000007b44c0a28,0x00000007b7490000)
 PSPermGen       total 21248K, used 13385K [0x00000007af000000, 0x00000007b04c0000, 0x00000007b4200000)
  object space 21248K, 62% used [0x00000007af000000,0x00000007afd12490,0x00000007b04c0000)
}
Event: 4.577 GC heap before
{Heap before GC invocations=8 (full 0):
 PSYoungGen      total 160192K, used 156704K [0x00000007e6b60000, 0x00000007fa4a0000, 0x0000000800000000)
  eden space 155648K, 100% used [0x00000007e6b60000,0x00000007f0360000,0x00000007f0360000)
  from space 4544K, 23% used [0x00000007f0360000,0x00000007f0468000,0x00000007f07d0000)
  to   space 4736K, 0% used [0x00000007fa000000,0x00000007fa000000,0x00000007fa4a0000)
 ParOldGen       total 51776K, used 2818K [0x00000007b4200000, 0x00000007b7490000, 0x00000007e6b60000)
  object space 51776K, 5% used [0x00000007b4200000,0x00000007b44c0a28,0x00000007b7490000)
 PSPermGen       total 21248K, used 13421K [0x00000007af000000, 0x00000007b04c0000, 0x00000007b4200000)
  object space 21248K, 63% used [0x00000007af000000,0x00000007afd1b568,0x00000007b04c0000)
Event: 4.579 GC heap after
Heap after GC invocations=8 (full 0):
 PSYoungGen      total 315840K, used 352K [0x00000007e6b60000, 0x00000007fa500000, 0x0000000800000000)
  eden space 311104K, 0% used [0x00000007e6b60000,0x00000007e6b60000,0x00000007f9b30000)
  from space 4736K, 7% used [0x00000007fa000000,0x00000007fa058000,0x00000007fa4a0000)
  to   space 4928K, 0% used [0x00000007f9b30000,0x00000007f9b30000,0x00000007fa000000)
 ParOldGen       total 51776K, used 3574K [0x00000007b4200000, 0x00000007b7490000, 0x00000007e6b60000)
  object space 51776K, 6% used [0x00000007b4200000,0x00000007b457d8a8,0x00000007b7490000)
 PSPermGen       total 21248K, used 13421K [0x00000007af000000, 0x00000007b04c0000, 0x00000007b4200000)
  object space 21248K, 63% used [0x00000007af000000,0x00000007afd1b568,0x00000007b04c0000)
}
Event: 6.922 GC heap before
{Heap before GC invocations=9 (full 0):
 PSYoungGen      total 315840K, used 311456K [0x00000007e6b60000, 0x00000007fa500000, 0x0000000800000000)
  eden space 311104K, 100% used [0x00000007e6b60000,0x00000007f9b30000,0x00000007f9b30000)
  from space 4736K, 7% used [0x00000007fa000000,0x00000007fa058000,0x00000007fa4a0000)
  to   space 4928K, 0% used [0x00000007f9b30000,0x00000007f9b30000,0x00000007fa000000)
 ParOldGen       total 51776K, used 3574K [0x00000007b4200000, 0x00000007b7490000, 0x00000007e6b60000)
  object space 51776K, 6% used [0x00000007b4200000,0x00000007b457d8a8,0x00000007b7490000)
 PSPermGen       total 25664K, used 25553K [0x00000007af000000, 0x00000007b0910000, 0x00000007b4200000)
  object space 25664K, 99% used [0x00000007af000000,0x00000007b08f47e0,0x00000007b0910000)

